
> backend@1.0.0 start
> node src/server.js

[dotenv@17.3.1] injecting env (0) from .env -- tip: 🔐 prevent building .env in docker: https://dotenvx.com/prebuild
Simulator started...
Server running on port 3001
Simulating event: {
  type: 'goal',
  timestamp: '2026-02-13T19:09:15.170Z',
  match_id: 'match_123',
  details: { minute: 6, team: 'Home', player: 'Player 2' }
}
Simulating event: {
  type: 'substitution',
  timestamp: '2026-02-13T19:09:20.171Z',
  match_id: 'match_123',
  details: { minute: 4, team: 'Home', player: 'Player 1' }
}
Simulating event: {
  type: 'safe',
  timestamp: '2026-02-13T19:09:25.173Z',
  match_id: 'match_123',
  details: { minute: 28, team: 'Away', player: 'Player 11' }
}
Simulating event: {
  type: 'danger',
  timestamp: '2026-02-13T19:09:30.178Z',
  match_id: 'match_123',
  details: { minute: 60, team: 'Home', player: 'Player 12' }
}
Simulating event: {
  type: 'yellow_card',
  timestamp: '2026-02-13T19:09:35.183Z',
  match_id: 'match_123',
  details: { minute: 79, team: 'Home', player: 'Player 15' }
}
Simulating event: {
  type: 'yellow_card',
  timestamp: '2026-02-13T19:09:40.183Z',
  match_id: 'match_123',
  details: { minute: 57, team: 'Home', player: 'Player 6' }
}
Simulating event: {
  type: 'danger',
  timestamp: '2026-02-13T19:09:45.189Z',
  match_id: 'match_123',
  details: { minute: 66, team: 'Away', player: 'Player 17' }
}
Simulating event: {
  type: 'safe',
  timestamp: '2026-02-13T19:09:50.189Z',
  match_id: 'match_123',
  details: { minute: 62, team: 'Home', player: 'Player 20' }
}
Simulating event: {
  type: 'match_end',
  timestamp: '2026-02-13T19:09:55.194Z',
  match_id: 'match_123',
  details: { minute: 2, team: 'Away', player: 'Player 6' }
}
Simulating event: {
  type: 'safe',
  timestamp: '2026-02-13T19:10:00.200Z',
  match_id: 'match_123',
  details: { minute: 35, team: 'Home', player: 'Player 1' }
}
Simulating event: {
  type: 'yellow_card',
  timestamp: '2026-02-13T19:10:05.205Z',
  match_id: 'match_123',
  details: { minute: 53, team: 'Away', player: 'Player 2' }
}
Simulating event: {
  type: 'match_end',
  timestamp: '2026-02-13T19:10:10.206Z',
  match_id: 'match_123',
  details: { minute: 46, team: 'Away', player: 'Player 15' }
}
Simulating event: {
  type: 'safe',
  timestamp: '2026-02-13T19:10:15.211Z',
  match_id: 'match_123',
  details: { minute: 66, team: 'Home', player: 'Player 10' }
}
Simulating event: {
  type: 'red_card',
  timestamp: '2026-02-13T19:10:20.216Z',
  match_id: 'match_123',
  details: { minute: 49, team: 'Away', player: 'Player 10' }
}
Simulating event: {
  type: 'match_end',
  timestamp: '2026-02-13T19:10:25.222Z',
  match_id: 'match_123',
  details: { minute: 87, team: 'Home', player: 'Player 22' }
}
Simulating event: {
  type: 'yellow_card',
  timestamp: '2026-02-13T19:10:30.227Z',
  match_id: 'match_123',
  details: { minute: 87, team: 'Away', player: 'Player 7' }
}
Simulating event: {
  type: 'match_start',
  timestamp: '2026-02-13T19:10:35.232Z',
  match_id: 'match_123',
  details: { minute: 86, team: 'Away', player: 'Player 12' }
}
Simulating event: {
  type: 'red_card',
  timestamp: '2026-02-13T19:10:40.232Z',
  match_id: 'match_123',
  details: { minute: 19, team: 'Away', player: 'Player 4' }
}
Simulating event: {
  type: 'danger',
  timestamp: '2026-02-13T19:10:45.236Z',
  match_id: 'match_123',
  details: { minute: 57, team: 'Home', player: 'Player 8' }
}
Simulating event: {
  type: 'red_card',
  timestamp: '2026-02-13T19:10:50.242Z',
  match_id: 'match_123',
  details: { minute: 76, team: 'Home', player: 'Player 17' }
}
Simulating event: {
  type: 'substitution',
  timestamp: '2026-02-13T19:10:55.245Z',
  match_id: 'match_123',
  details: { minute: 15, team: 'Away', player: 'Player 21' }
}
Simulating event: {
  type: 'goal',
  timestamp: '2026-02-13T19:11:00.250Z',
  match_id: 'match_123',
  details: { minute: 39, team: 'Home', player: 'Player 13' }
}
Simulating event: {
  type: 'substitution',
  timestamp: '2026-02-13T19:11:05.255Z',
  match_id: 'match_123',
  details: { minute: 55, team: 'Home', player: 'Player 5' }
}
Simulating event: {
  type: 'red_card',
  timestamp: '2026-02-13T19:11:10.256Z',
  match_id: 'match_123',
  details: { minute: 82, team: 'Home', player: 'Player 8' }
}
Simulating event: {
  type: 'red_card',
  timestamp: '2026-02-13T19:11:15.261Z',
  match_id: 'match_123',
  details: { minute: 2, team: 'Away', player: 'Player 14' }
}
Simulating event: {
  type: 'yellow_card',
  timestamp: '2026-02-13T19:11:20.266Z',
  match_id: 'match_123',
  details: { minute: 15, team: 'Away', player: 'Player 14' }
}
Simulating event: {
  type: 'match_end',
  timestamp: '2026-02-13T19:11:25.271Z',
  match_id: 'match_123',
  details: { minute: 31, team: 'Home', player: 'Player 16' }
}
Simulating event: {
  type: 'yellow_card',
  timestamp: '2026-02-13T19:11:30.276Z',
  match_id: 'match_123',
  details: { minute: 47, team: 'Home', player: 'Player 18' }
}
Simulating event: {
  type: 'goal',
  timestamp: '2026-02-13T19:11:35.282Z',
  match_id: 'match_123',
  details: { minute: 21, team: 'Home', player: 'Player 22' }
}
Simulating event: {
  type: 'yellow_card',
  timestamp: '2026-02-13T19:11:40.282Z',
  match_id: 'match_123',
  details: { minute: 33, team: 'Home', player: 'Player 12' }
}
Simulating event: {
  type: 'match_start',
  timestamp: '2026-02-13T19:11:45.287Z',
  match_id: 'match_123',
  details: { minute: 17, team: 'Away', player: 'Player 16' }
}
Simulating event: {
  type: 'red_card',
  timestamp: '2026-02-13T19:11:50.293Z',
  match_id: 'match_123',
  details: { minute: 11, team: 'Home', player: 'Player 21' }
}
Simulating event: {
  type: 'goal',
  timestamp: '2026-02-13T19:11:55.297Z',
  match_id: 'match_123',
  details: { minute: 66, team: 'Home', player: 'Player 2' }
}
Simulating event: {
  type: 'match_end',
  timestamp: '2026-02-13T19:12:00.300Z',
  match_id: 'match_123',
  details: { minute: 72, team: 'Away', player: 'Player 12' }
}
Simulating event: {
  type: 'match_start',
  timestamp: '2026-02-13T19:12:05.307Z',
  match_id: 'match_123',
  details: { minute: 82, team: 'Home', player: 'Player 1' }
}
Simulating event: {
  type: 'corner',
  timestamp: '2026-02-13T19:12:10.308Z',
  match_id: 'match_123',
  details: { minute: 69, team: 'Away', player: 'Player 22' }
}
Simulating event: {
  type: 'yellow_card',
  timestamp: '2026-02-13T19:12:15.313Z',
  match_id: 'match_123',
  details: { minute: 8, team: 'Home', player: 'Player 15' }
}
Simulating event: {
  type: 'match_end',
  timestamp: '2026-02-13T19:12:20.318Z',
  match_id: 'match_123',
  details: { minute: 83, team: 'Home', player: 'Player 9' }
}
Simulating event: {
  type: 'safe',
  timestamp: '2026-02-13T19:12:25.323Z',
  match_id: 'match_123',
  details: { minute: 71, team: 'Away', player: 'Player 14' }
}
Simulating event: {
  type: 'substitution',
  timestamp: '2026-02-13T19:12:30.325Z',
  match_id: 'match_123',
  details: { minute: 60, team: 'Away', player: 'Player 12' }
}
Simulating event: {
  type: 'yellow_card',
  timestamp: '2026-02-13T19:12:35.331Z',
  match_id: 'match_123',
  details: { minute: 22, team: 'Home', player: 'Player 6' }
}
Simulating event: {
  type: 'corner',
  timestamp: '2026-02-13T19:12:40.331Z',
  match_id: 'match_123',
  details: { minute: 7, team: 'Home', player: 'Player 9' }
}
Simulating event: {
  type: 'safe',
  timestamp: '2026-02-13T19:12:45.337Z',
  match_id: 'match_123',
  details: { minute: 7, team: 'Home', player: 'Player 20' }
}
Simulating event: {
  type: 'danger',
  timestamp: '2026-02-13T19:12:50.342Z',
  match_id: 'match_123',
  details: { minute: 38, team: 'Home', player: 'Player 4' }
}
Simulating event: {
  type: 'substitution',
  timestamp: '2026-02-13T19:12:55.348Z',
  match_id: 'match_123',
  details: { minute: 76, team: 'Away', player: 'Player 5' }
}
Simulating event: {
  type: 'yellow_card',
  timestamp: '2026-02-13T19:13:00.353Z',
  match_id: 'match_123',
  details: { minute: 39, team: 'Home', player: 'Player 11' }
}
Simulating event: {
  type: 'yellow_card',
  timestamp: '2026-02-13T19:13:05.358Z',
  match_id: 'match_123',
  details: { minute: 3, team: 'Away', player: 'Player 21' }
}
Simulating event: {
  type: 'red_card',
  timestamp: '2026-02-13T19:13:10.358Z',
  match_id: 'match_123',
  details: { minute: 62, team: 'Away', player: 'Player 20' }
}
Simulating event: {
  type: 'match_end',
  timestamp: '2026-02-13T19:13:15.363Z',
  match_id: 'match_123',
  details: { minute: 14, team: 'Away', player: 'Player 15' }
}
Simulating event: {
  type: 'match_end',
  timestamp: '2026-02-13T19:13:20.369Z',
  match_id: 'match_123',
  details: { minute: 44, team: 'Home', player: 'Player 18' }
}
Simulating event: {
  type: 'match_end',
  timestamp: '2026-02-13T19:13:25.374Z',
  match_id: 'match_123',
  details: { minute: 81, team: 'Away', player: 'Player 12' }
}
Simulating event: {
  type: 'match_end',
  timestamp: '2026-02-13T19:13:30.379Z',
  match_id: 'match_123',
  details: { minute: 17, team: 'Home', player: 'Player 15' }
}
Simulating event: {
  type: 'yellow_card',
  timestamp: '2026-02-13T19:13:35.384Z',
  match_id: 'match_123',
  details: { minute: 19, team: 'Away', player: 'Player 1' }
}
Simulating event: {
  type: 'substitution',
  timestamp: '2026-02-13T19:13:40.385Z',
  match_id: 'match_123',
  details: { minute: 43, team: 'Home', player: 'Player 10' }
}
Simulating event: {
  type: 'goal',
  timestamp: '2026-02-13T19:13:45.390Z',
  match_id: 'match_123',
  details: { minute: 58, team: 'Away', player: 'Player 19' }
}
Simulating event: {
  type: 'match_start',
  timestamp: '2026-02-13T19:13:50.395Z',
  match_id: 'match_123',
  details: { minute: 36, team: 'Home', player: 'Player 18' }
}
Simulating event: {
  type: 'goal',
  timestamp: '2026-02-13T19:13:55.400Z',
  match_id: 'match_123',
  details: { minute: 25, team: 'Away', player: 'Player 12' }
}
Simulating event: {
  type: 'danger',
  timestamp: '2026-02-13T19:14:00.406Z',
  match_id: 'match_123',
  details: { minute: 37, team: 'Away', player: 'Player 6' }
}
Simulating event: {
  type: 'match_end',
  timestamp: '2026-02-13T19:14:05.411Z',
  match_id: 'match_123',
  details: { minute: 28, team: 'Home', player: 'Player 15' }
}
Simulating event: {
  type: 'substitution',
  timestamp: '2026-02-13T19:14:10.411Z',
  match_id: 'match_123',
  details: { minute: 46, team: 'Home', player: 'Player 12' }
}
Simulating event: {
  type: 'match_end',
  timestamp: '2026-02-13T19:14:15.417Z',
  match_id: 'match_123',
  details: { minute: 71, team: 'Home', player: 'Player 17' }
}
Simulating event: {
  type: 'red_card',
  timestamp: '2026-02-13T19:14:20.422Z',
  match_id: 'match_123',
  details: { minute: 18, team: 'Home', player: 'Player 4' }
}
Simulating event: {
  type: 'danger',
  timestamp: '2026-02-13T19:14:25.427Z',
  match_id: 'match_123',
  details: { minute: 32, team: 'Away', player: 'Player 3' }
}
Simulating event: {
  type: 'safe',
  timestamp: '2026-02-13T19:14:30.433Z',
  match_id: 'match_123',
  details: { minute: 44, team: 'Home', player: 'Player 10' }
}
Simulating event: {
  type: 'corner',
  timestamp: '2026-02-13T19:14:35.438Z',
  match_id: 'match_123',
  details: { minute: 37, team: 'Away', player: 'Player 9' }
}
Simulating event: {
  type: 'match_start',
  timestamp: '2026-02-13T19:14:40.438Z',
  match_id: 'match_123',
  details: { minute: 26, team: 'Away', player: 'Player 21' }
}
Simulating event: {
  type: 'match_end',
  timestamp: '2026-02-13T19:14:45.441Z',
  match_id: 'match_123',
  details: { minute: 33, team: 'Away', player: 'Player 19' }
}
Simulating event: {
  type: 'match_start',
  timestamp: '2026-02-13T19:14:50.446Z',
  match_id: 'match_123',
  details: { minute: 69, team: 'Away', player: 'Player 18' }
}
Simulating event: {
  type: 'danger',
  timestamp: '2026-02-13T19:14:55.451Z',
  match_id: 'match_123',
  details: { minute: 50, team: 'Away', player: 'Player 6' }
}
Simulating event: {
  type: 'red_card',
  timestamp: '2026-02-13T19:15:00.453Z',
  match_id: 'match_123',
  details: { minute: 39, team: 'Home', player: 'Player 21' }
}
Simulating event: {
  type: 'goal',
  timestamp: '2026-02-13T19:15:05.457Z',
  match_id: 'match_123',
  details: { minute: 69, team: 'Away', player: 'Player 3' }
}
Simulating event: {
  type: 'red_card',
  timestamp: '2026-02-13T19:15:10.458Z',
  match_id: 'match_123',
  details: { minute: 17, team: 'Home', player: 'Player 15' }
}
Simulating event: {
  type: 'danger',
  timestamp: '2026-02-13T19:15:15.461Z',
  match_id: 'match_123',
  details: { minute: 14, team: 'Home', player: 'Player 8' }
}
Simulating event: {
  type: 'yellow_card',
  timestamp: '2026-02-13T19:15:20.466Z',
  match_id: 'match_123',
  details: { minute: 71, team: 'Home', player: 'Player 18' }
}
Simulating event: {
  type: 'substitution',
  timestamp: '2026-02-13T19:15:25.471Z',
  match_id: 'match_123',
  details: { minute: 79, team: 'Home', player: 'Player 16' }
}
Simulating event: {
  type: 'danger',
  timestamp: '2026-02-13T19:15:30.477Z',
  match_id: 'match_123',
  details: { minute: 59, team: 'Away', player: 'Player 2' }
}
Simulating event: {
  type: 'danger',
  timestamp: '2026-02-13T19:15:35.482Z',
  match_id: 'match_123',
  details: { minute: 77, team: 'Away', player: 'Player 2' }
}
Simulating event: {
  type: 'goal',
  timestamp: '2026-02-13T19:15:40.482Z',
  match_id: 'match_123',
  details: { minute: 10, team: 'Home', player: 'Player 12' }
}
Simulating event: {
  type: 'substitution',
  timestamp: '2026-02-13T19:15:45.487Z',
  match_id: 'match_123',
  details: { minute: 77, team: 'Home', player: 'Player 6' }
}
Simulating event: {
  type: 'yellow_card',
  timestamp: '2026-02-13T19:15:50.492Z',
  match_id: 'match_123',
  details: { minute: 74, team: 'Away', player: 'Player 17' }
}
Simulating event: {
  type: 'safe',
  timestamp: '2026-02-13T19:15:55.498Z',
  match_id: 'match_123',
  details: { minute: 90, team: 'Away', player: 'Player 19' }
}
Simulating event: {
  type: 'red_card',
  timestamp: '2026-02-13T19:16:00.503Z',
  match_id: 'match_123',
  details: { minute: 77, team: 'Away', player: 'Player 8' }
}
Simulating event: {
  type: 'corner',
  timestamp: '2026-02-13T19:16:05.508Z',
  match_id: 'match_123',
  details: { minute: 89, team: 'Home', player: 'Player 8' }
}
Simulating event: {
  type: 'match_start',
  timestamp: '2026-02-13T19:16:10.509Z',
  match_id: 'match_123',
  details: { minute: 54, team: 'Home', player: 'Player 12' }
}
Simulating event: {
  type: 'goal',
  timestamp: '2026-02-13T19:16:15.514Z',
  match_id: 'match_123',
  details: { minute: 71, team: 'Away', player: 'Player 9' }
}
Simulating event: {
  type: 'match_start',
  timestamp: '2026-02-13T19:16:20.517Z',
  match_id: 'match_123',
  details: { minute: 26, team: 'Home', player: 'Player 10' }
}
Simulating event: {
  type: 'safe',
  timestamp: '2026-02-13T19:16:25.522Z',
  match_id: 'match_123',
  details: { minute: 86, team: 'Away', player: 'Player 21' }
}
Simulating event: {
  type: 'red_card',
  timestamp: '2026-02-13T19:16:30.527Z',
  match_id: 'match_123',
  details: { minute: 52, team: 'Home', player: 'Player 16' }
}
Simulating event: {
  type: 'yellow_card',
  timestamp: '2026-02-13T19:16:35.532Z',
  match_id: 'match_123',
  details: { minute: 14, team: 'Home', player: 'Player 21' }
}
Simulating event: {
  type: 'match_end',
  timestamp: '2026-02-13T19:16:40.533Z',
  match_id: 'match_123',
  details: { minute: 50, team: 'Home', player: 'Player 19' }
}
Simulating event: {
  type: 'match_end',
  timestamp: '2026-02-13T19:16:45.538Z',
  match_id: 'match_123',
  details: { minute: 30, team: 'Home', player: 'Player 19' }
}
Simulating event: {
  type: 'match_end',
  timestamp: '2026-02-13T19:16:50.541Z',
  match_id: 'match_123',
  details: { minute: 39, team: 'Home', player: 'Player 15' }
}
Simulating event: {
  type: 'match_end',
  timestamp: '2026-02-13T19:16:55.546Z',
  match_id: 'match_123',
  details: { minute: 10, team: 'Away', player: 'Player 8' }
}
Simulating event: {
  type: 'corner',
  timestamp: '2026-02-13T19:17:00.551Z',
  match_id: 'match_123',
  details: { minute: 22, team: 'Away', player: 'Player 9' }
}
Simulating event: {
  type: 'substitution',
  timestamp: '2026-02-13T19:17:05.556Z',
  match_id: 'match_123',
  details: { minute: 48, team: 'Home', player: 'Player 18' }
}
Simulating event: {
  type: 'substitution',
  timestamp: '2026-02-13T19:17:10.556Z',
  match_id: 'match_123',
  details: { minute: 29, team: 'Away', player: 'Player 6' }
}
Simulating event: {
  type: 'danger',
  timestamp: '2026-02-13T19:17:15.563Z',
  match_id: 'match_123',
  details: { minute: 44, team: 'Away', player: 'Player 11' }
}
Simulating event: {
  type: 'red_card',
  timestamp: '2026-02-13T19:17:20.568Z',
  match_id: 'match_123',
  details: { minute: 8, team: 'Home', player: 'Player 7' }
}
Simulating event: {
  type: 'yellow_card',
  timestamp: '2026-02-13T19:17:25.573Z',
  match_id: 'match_123',
  details: { minute: 18, team: 'Away', player: 'Player 17' }
}
Simulating event: {
  type: 'match_start',
  timestamp: '2026-02-13T19:17:30.577Z',
  match_id: 'match_123',
  details: { minute: 43, team: 'Home', player: 'Player 20' }
}
Simulating event: {
  type: 'danger',
  timestamp: '2026-02-13T19:17:35.581Z',
  match_id: 'match_123',
  details: { minute: 17, team: 'Away', player: 'Player 8' }
}
Simulating event: {
  type: 'corner',
  timestamp: '2026-02-13T19:17:40.581Z',
  match_id: 'match_123',
  details: { minute: 76, team: 'Home', player: 'Player 13' }
}
Simulating event: {
  type: 'match_end',
  timestamp: '2026-02-13T19:17:45.586Z',
  match_id: 'match_123',
  details: { minute: 45, team: 'Home', player: 'Player 8' }
}
Simulating event: {
  type: 'goal',
  timestamp: '2026-02-13T19:17:50.591Z',
  match_id: 'match_123',
  details: { minute: 81, team: 'Home', player: 'Player 1' }
}
Simulating event: {
  type: 'match_start',
  timestamp: '2026-02-13T19:17:55.596Z',
  match_id: 'match_123',
  details: { minute: 21, team: 'Home', player: 'Player 1' }
}
Simulating event: {
  type: 'match_end',
  timestamp: '2026-02-13T19:18:00.601Z',
  match_id: 'match_123',
  details: { minute: 27, team: 'Away', player: 'Player 20' }
}
Simulating event: {
  type: 'yellow_card',
  timestamp: '2026-02-13T19:18:05.606Z',
  match_id: 'match_123',
  details: { minute: 25, team: 'Home', player: 'Player 14' }
}
Simulating event: {
  type: 'danger',
  timestamp: '2026-02-13T19:18:10.606Z',
  match_id: 'match_123',
  details: { minute: 86, team: 'Home', player: 'Player 15' }
}
Simulating event: {
  type: 'goal',
  timestamp: '2026-02-13T19:18:15.611Z',
  match_id: 'match_123',
  details: { minute: 34, team: 'Away', player: 'Player 14' }
}
Simulating event: {
  type: 'corner',
  timestamp: '2026-02-13T19:18:20.612Z',
  match_id: 'match_123',
  details: { minute: 28, team: 'Home', player: 'Player 20' }
}
Simulating event: {
  type: 'red_card',
  timestamp: '2026-02-13T19:18:25.618Z',
  match_id: 'match_123',
  details: { minute: 83, team: 'Home', player: 'Player 17' }
}
Simulating event: {
  type: 'red_card',
  timestamp: '2026-02-13T19:18:30.623Z',
  match_id: 'match_123',
  details: { minute: 5, team: 'Away', player: 'Player 6' }
}
Simulating event: {
  type: 'danger',
  timestamp: '2026-02-13T19:18:35.629Z',
  match_id: 'match_123',
  details: { minute: 17, team: 'Home', player: 'Player 1' }
}
Simulating event: {
  type: 'red_card',
  timestamp: '2026-02-13T19:18:40.630Z',
  match_id: 'match_123',
  details: { minute: 55, team: 'Away', player: 'Player 14' }
}
Simulating event: {
  type: 'safe',
  timestamp: '2026-02-13T19:18:45.635Z',
  match_id: 'match_123',
  details: { minute: 7, team: 'Away', player: 'Player 3' }
}
Simulating event: {
  type: 'yellow_card',
  timestamp: '2026-02-13T19:18:50.640Z',
  match_id: 'match_123',
  details: { minute: 6, team: 'Away', player: 'Player 8' }
}
Simulating event: {
  type: 'goal',
  timestamp: '2026-02-13T19:18:55.645Z',
  match_id: 'match_123',
  details: { minute: 3, team: 'Away', player: 'Player 20' }
}
Simulating event: {
  type: 'danger',
  timestamp: '2026-02-13T19:19:00.651Z',
  match_id: 'match_123',
  details: { minute: 23, team: 'Away', player: 'Player 6' }
}
Simulating event: {
  type: 'substitution',
  timestamp: '2026-02-13T19:19:05.656Z',
  match_id: 'match_123',
  details: { minute: 59, team: 'Away', player: 'Player 2' }
}
Simulating event: {
  type: 'substitution',
  timestamp: '2026-02-13T19:19:10.656Z',
  match_id: 'match_123',
  details: { minute: 33, team: 'Away', player: 'Player 4' }
}
Simulating event: {
  type: 'goal',
  timestamp: '2026-02-13T19:19:15.661Z',
  match_id: 'match_123',
  details: { minute: 70, team: 'Away', player: 'Player 4' }
}
Simulating event: {
  type: 'substitution',
  timestamp: '2026-02-13T19:19:20.667Z',
  match_id: 'match_123',
  details: { minute: 56, team: 'Home', player: 'Player 13' }
}
Simulating event: {
  type: 'goal',
  timestamp: '2026-02-13T19:19:25.672Z',
  match_id: 'match_123',
  details: { minute: 47, team: 'Away', player: 'Player 20' }
}
Simulating event: {
  type: 'goal',
  timestamp: '2026-02-13T19:19:30.677Z',
  match_id: 'match_123',
  details: { minute: 34, team: 'Away', player: 'Player 3' }
}
Simulating event: {
  type: 'red_card',
  timestamp: '2026-02-13T19:19:35.682Z',
  match_id: 'match_123',
  details: { minute: 76, team: 'Home', player: 'Player 11' }
}
Simulating event: {
  type: 'match_end',
  timestamp: '2026-02-13T19:19:40.683Z',
  match_id: 'match_123',
  details: { minute: 81, team: 'Away', player: 'Player 19' }
}
Simulating event: {
  type: 'safe',
  timestamp: '2026-02-13T19:19:45.688Z',
  match_id: 'match_123',
  details: { minute: 46, team: 'Away', player: 'Player 5' }
}
Simulating event: {
  type: 'yellow_card',
  timestamp: '2026-02-13T19:19:50.693Z',
  match_id: 'match_123',
  details: { minute: 27, team: 'Home', player: 'Player 8' }
}
Simulating event: {
  type: 'red_card',
  timestamp: '2026-02-13T19:19:55.698Z',
  match_id: 'match_123',
  details: { minute: 25, team: 'Home', player: 'Player 20' }
}
Simulating event: {
  type: 'red_card',
  timestamp: '2026-02-13T19:20:00.703Z',
  match_id: 'match_123',
  details: { minute: 11, team: 'Away', player: 'Player 10' }
}
Simulating event: {
  type: 'safe',
  timestamp: '2026-02-13T19:20:05.705Z',
  match_id: 'match_123',
  details: { minute: 74, team: 'Home', player: 'Player 8' }
}
Simulating event: {
  type: 'goal',
  timestamp: '2026-02-13T19:20:10.706Z',
  match_id: 'match_123',
  details: { minute: 77, team: 'Away', player: 'Player 5' }
}
Simulating event: {
  type: 'goal',
  timestamp: '2026-02-13T19:20:15.712Z',
  match_id: 'match_123',
  details: { minute: 5, team: 'Away', player: 'Player 13' }
}
Simulating event: {
  type: 'danger',
  timestamp: '2026-02-13T19:20:20.713Z',
  match_id: 'match_123',
  details: { minute: 47, team: 'Home', player: 'Player 1' }
}
Simulating event: {
  type: 'safe',
  timestamp: '2026-02-13T19:20:25.718Z',
  match_id: 'match_123',
  details: { minute: 49, team: 'Away', player: 'Player 20' }
}
Simulating event: {
  type: 'red_card',
  timestamp: '2026-02-13T19:20:30.724Z',
  match_id: 'match_123',
  details: { minute: 19, team: 'Home', player: 'Player 6' }
}
Simulating event: {
  type: 'match_start',
  timestamp: '2026-02-13T19:20:35.729Z',
  match_id: 'match_123',
  details: { minute: 45, team: 'Away', player: 'Player 12' }
}
Simulating event: {
  type: 'danger',
  timestamp: '2026-02-13T19:20:40.729Z',
  match_id: 'match_123',
  details: { minute: 46, team: 'Away', player: 'Player 18' }
}
Simulating event: {
  type: 'match_start',
  timestamp: '2026-02-13T19:20:45.732Z',
  match_id: 'match_123',
  details: { minute: 87, team: 'Home', player: 'Player 6' }
}
Simulating event: {
  type: 'corner',
  timestamp: '2026-02-13T19:20:50.737Z',
  match_id: 'match_123',
  details: { minute: 3, team: 'Away', player: 'Player 19' }
}
Simulating event: {
  type: 'danger',
  timestamp: '2026-02-13T19:20:55.742Z',
  match_id: 'match_123',
  details: { minute: 83, team: 'Home', player: 'Player 17' }
}
Simulating event: {
  type: 'match_end',
  timestamp: '2026-02-13T19:21:00.747Z',
  match_id: 'match_123',
  details: { minute: 33, team: 'Home', player: 'Player 19' }
}
Simulating event: {
  type: 'goal',
  timestamp: '2026-02-13T19:21:05.752Z',
  match_id: 'match_123',
  details: { minute: 49, team: 'Home', player: 'Player 8' }
}
Simulating event: {
  type: 'yellow_card',
  timestamp: '2026-02-13T19:21:10.754Z',
  match_id: 'match_123',
  details: { minute: 59, team: 'Away', player: 'Player 5' }
}
Simulating event: {
  type: 'goal',
  timestamp: '2026-02-13T19:21:15.759Z',
  match_id: 'match_123',
  details: { minute: 44, team: 'Away', player: 'Player 3' }
}
Simulating event: {
  type: 'danger',
  timestamp: '2026-02-13T19:21:20.765Z',
  match_id: 'match_123',
  details: { minute: 69, team: 'Home', player: 'Player 1' }
}
Simulating event: {
  type: 'match_start',
  timestamp: '2026-02-13T19:21:25.770Z',
  match_id: 'match_123',
  details: { minute: 71, team: 'Home', player: 'Player 11' }
}
Simulating event: {
  type: 'corner',
  timestamp: '2026-02-13T19:21:30.775Z',
  match_id: 'match_123',
  details: { minute: 2, team: 'Home', player: 'Player 5' }
}
Simulating event: {
  type: 'safe',
  timestamp: '2026-02-13T19:21:35.780Z',
  match_id: 'match_123',
  details: { minute: 34, team: 'Home', player: 'Player 13' }
}
Simulating event: {
  type: 'danger',
  timestamp: '2026-02-13T19:21:40.780Z',
  match_id: 'match_123',
  details: { minute: 72, team: 'Home', player: 'Player 3' }
}
Simulating event: {
  type: 'goal',
  timestamp: '2026-02-13T19:21:45.786Z',
  match_id: 'match_123',
  details: { minute: 55, team: 'Away', player: 'Player 20' }
}
Terminated
